Namespace(activation=0, algorithm=0, alpha=0, batch_choice='user', batch_norm=1, beta=0.8, dataset='ml-1m', embed_size=16, epochs=50, layers='[64,32,16]', learner='adagrad', lr=0.01, num_neg=3, path='Data/', pretrain=0, reg_W='[15,15,15,15]', regs='[1e-6,1e-6,1e-6]', train_loss=1, verbose=1, weight_size=16)
already load the trainMatrix...
already load the ratingMatrix...
already load the trainList...
already load the trainMatrix...
already load the ratingMatrix...
already load the trainList...
initialized
already load the evaluate model...
Epoch 0 [137.8s + 1104.6s]: HR = 0.5707, NDCG = 0.3262, loss = 0.2169 [53.5s] train_loss = 0.3352 [204.2s]
Epoch 1 [141.0s + 1114.3s]: HR = 0.6075, NDCG = 0.3535, loss = 0.1964 [49.5s] train_loss = 0.3154 [203.4s]
Epoch 2 [147.2s + 1131.4s]: HR = 0.6303, NDCG = 0.3680, loss = 0.1826 [49.9s] train_loss = 0.3023 [207.3s]
Epoch 3 [139.7s + 1133.6s]: HR = 0.6465, NDCG = 0.3810, loss = 0.1878 [58.8s] train_loss = 0.2935 [208.9s]
Epoch 4 [149.2s + 1142.5s]: HR = 0.6588, NDCG = 0.3879, loss = 0.1743 [50.7s] train_loss = 0.2864 [204.7s]
Epoch 5 [138.3s + 1114.0s]: HR = 0.6609, NDCG = 0.3919, loss = 0.1763 [51.5s] train_loss = 0.2807 [205.2s]
Epoch 6 [148.2s + 1110.3s]: HR = 0.6669, NDCG = 0.3987, loss = 0.1680 [51.0s] train_loss = 0.2761 [204.7s]
Epoch 7 [141.0s + 1115.9s]: HR = 0.6715, NDCG = 0.4025, loss = 0.1624 [49.9s] train_loss = 0.2729 [195.6s]
Epoch 8 [148.7s + 1122.3s]: HR = 0.6752, NDCG = 0.4055, loss = 0.1642 [50.8s] train_loss = 0.2693 [204.0s]
Epoch 9 [139.7s + 1130.1s]: HR = 0.6796, NDCG = 0.4091, loss = 0.1602 [50.7s] train_loss = 0.2669 [205.2s]
Epoch 10 [147.1s + 1115.7s]: HR = 0.6795, NDCG = 0.4115, loss = 0.1592 [51.3s] train_loss = 0.2642 [200.0s]
Epoch 11 [142.7s + 1119.1s]: HR = 0.6839, NDCG = 0.4150, loss = 0.1644 [51.5s] train_loss = 0.2622 [201.2s]
Epoch 12 [149.1s + 1124.7s]: HR = 0.6887, NDCG = 0.4151, loss = 0.1584 [49.5s] train_loss = 0.2603 [194.7s]
Epoch 13 [140.9s + 1133.1s]: HR = 0.6945, NDCG = 0.4203, loss = 0.1640 [49.3s] train_loss = 0.2580 [201.4s]
Epoch 14 [145.7s + 1128.8s]: HR = 0.6927, NDCG = 0.4206, loss = 0.1567 [50.5s] train_loss = 0.2572 [204.0s]
Epoch 15 [141.1s + 1120.3s]: HR = 0.6919, NDCG = 0.4202, loss = 0.1629 [50.8s] train_loss = 0.2551 [199.5s]
Epoch 16 [148.0s + 1128.0s]: HR = 0.6957, NDCG = 0.4228, loss = 0.1600 [53.6s] train_loss = 0.2541 [208.2s]
Epoch 17 [170.8s + 1137.4s]: HR = 0.6965, NDCG = 0.4228, loss = 0.1526 [52.1s] train_loss = 0.2532 [204.2s]
Epoch 18 [150.1s + 1141.6s]: HR = 0.6983, NDCG = 0.4247, loss = 0.1585 [56.4s] train_loss = 0.2515 [220.5s]
Epoch 19 [150.8s + 1131.6s]: HR = 0.6975, NDCG = 0.4240, loss = 0.1611 [55.7s] train_loss = 0.2511 [208.7s]
Epoch 20 [162.5s + 1117.7s]: HR = 0.7008, NDCG = 0.4256, loss = 0.1574 [50.9s] train_loss = 0.2496 [206.7s]
Epoch 21 [143.7s + 1119.6s]: HR = 0.7022, NDCG = 0.4274, loss = 0.1554 [53.1s] train_loss = 0.2485 [207.7s]
Epoch 22 [152.3s + 1125.9s]: HR = 0.6997, NDCG = 0.4277, loss = 0.1571 [52.0s] train_loss = 0.2475 [200.4s]
Epoch 23 [145.3s + 1132.7s]: HR = 0.7022, NDCG = 0.4275, loss = 0.1524 [50.9s] train_loss = 0.2465 [196.4s]
Epoch 24 [148.8s + 1127.4s]: HR = 0.7000, NDCG = 0.4288, loss = 0.1552 [51.9s] train_loss = 0.2458 [202.1s]
Epoch 25 [146.5s + 1125.6s]: HR = 0.7002, NDCG = 0.4281, loss = 0.1530 [50.0s] train_loss = 0.2449 [205.2s]
Epoch 26 [144.8s + 1059.3s]: HR = 0.7053, NDCG = 0.4308, loss = 0.1540 [49.1s] train_loss = 0.2441 [192.0s]
Epoch 27 [140.4s + 1066.1s]: HR = 0.7043, NDCG = 0.4317, loss = 0.1532 [49.2s] train_loss = 0.2434 [189.9s]
Epoch 28 [143.1s + 1060.0s]: HR = 0.7045, NDCG = 0.4303, loss = 0.1520 [46.4s] train_loss = 0.2430 [187.8s]
Epoch 29 [133.4s + 1100.2s]: HR = 0.7060, NDCG = 0.4310, loss = 0.1554 [49.8s] train_loss = 0.2418 [196.5s]
Epoch 30 [142.3s + 1099.2s]: HR = 0.7056, NDCG = 0.4318, loss = 0.1484 [50.5s] train_loss = 0.2409 [196.6s]
Epoch 31 [138.1s + 1099.6s]: HR = 0.7030, NDCG = 0.4301, loss = 0.1527 [49.1s] train_loss = 0.2415 [193.0s]
Epoch 32 [141.9s + 1105.7s]: HR = 0.7035, NDCG = 0.4317, loss = 0.1574 [49.8s] train_loss = 0.2403 [192.8s]
Epoch 33 [140.2s + 1072.8s]: HR = 0.7071, NDCG = 0.4319, loss = 0.1484 [47.9s] train_loss = 0.2395 [191.9s]
Epoch 34 [133.5s + 1062.9s]: HR = 0.7038, NDCG = 0.4318, loss = 0.1500 [48.9s] train_loss = 0.2388 [191.6s]
Epoch 35 [140.4s + 1064.6s]: HR = 0.7058, NDCG = 0.4320, loss = 0.1494 [48.8s] train_loss = 0.2388 [197.3s]
Epoch 36 [141.0s + 1028.6s]: HR = 0.7068, NDCG = 0.4320, loss = 0.1493 [45.1s] train_loss = 0.2378 [183.9s]
Epoch 37 [134.7s + 1021.8s]: HR = 0.7079, NDCG = 0.4330, loss = 0.1500 [45.0s] train_loss = 0.2369 [179.0s]
Epoch 38 [135.7s + 1019.4s]: HR = 0.7022, NDCG = 0.4315, loss = 0.1500 [44.2s] train_loss = 0.2365 [182.3s]
Epoch 39 [128.5s + 1020.1s]: HR = 0.7041, NDCG = 0.4327, loss = 0.1541 [44.3s] train_loss = 0.2366 [183.8s]
Epoch 40 [135.6s + 1013.8s]: HR = 0.7051, NDCG = 0.4328, loss = 0.1497 [43.8s] train_loss = 0.2359 [181.7s]
Epoch 41 [134.1s + 1011.5s]: HR = 0.7051, NDCG = 0.4322, loss = 0.1458 [44.1s] train_loss = 0.2357 [182.7s]
Epoch 42 [135.1s + 1061.0s]: HR = 0.7065, NDCG = 0.4341, loss = 0.1499 [46.8s] train_loss = 0.2346 [186.2s]
Epoch 43 [141.7s + 1038.6s]: HR = 0.7071, NDCG = 0.4354, loss = 0.1535 [45.1s] train_loss = 0.2340 [185.1s]
Epoch 44 [132.1s + 1043.6s]: HR = 0.7078, NDCG = 0.4359, loss = 0.1491 [47.2s] train_loss = 0.2341 [189.8s]
Epoch 45 [140.8s + 1010.4s]: HR = 0.7060, NDCG = 0.4343, loss = 0.1502 [44.5s] train_loss = 0.2333 [183.5s]
Epoch 46 [135.1s + 1010.5s]: HR = 0.7068, NDCG = 0.4351, loss = 0.1514 [44.8s] train_loss = 0.2333 [183.4s]
Epoch 47 [132.8s + 1043.1s]: HR = 0.7060, NDCG = 0.4340, loss = 0.1458 [46.1s] train_loss = 0.2331 [189.0s]
Epoch 48 [144.0s + 1062.1s]: HR = 0.7083, NDCG = 0.4351, loss = 0.1517 [47.5s] train_loss = 0.2322 [193.6s]
Epoch 49 [141.4s + 1054.0s]: HR = 0.7063, NDCG = 0.4356, loss = 0.1485 [47.8s] train_loss = 0.2319 [192.2s]
End. best HR = 0.7083, best NDCG = 0.4351
