Namespace(activation=0, algorithm=0, alpha=0, batch_choice='user', batch_norm=1, beta=0.8, dataset='ml-1m', embed_size=16, epochs=50, layers='[64,32,16]', learner='adagrad', lr=0.01, num_neg=4, path='Data/', pretrain=0, reg_W='[15,15,15,15]', regs='[1e-6,1e-6,1e-6]', train_loss=1, verbose=1, weight_size=16)
already load the trainMatrix...
already load the ratingMatrix...
already load the trainList...
already load the trainMatrix...
already load the ratingMatrix...
already load the trainList...
initialized
already load the evaluate model...
Epoch 0 [173.5s + 1449.6s]: HR = 0.5846, NDCG = 0.3386, loss = 0.1695 [56.4s] train_loss = 0.2959 [247.4s]
Epoch 1 [184.3s + 1480.7s]: HR = 0.6262, NDCG = 0.3703, loss = 0.1606 [52.5s] train_loss = 0.2755 [250.5s]
Epoch 2 [185.0s + 1394.6s]: HR = 0.6450, NDCG = 0.3826, loss = 0.1517 [50.4s] train_loss = 0.2665 [243.2s]
Epoch 3 [181.0s + 1469.6s]: HR = 0.6541, NDCG = 0.3889, loss = 0.1529 [51.7s] train_loss = 0.2598 [247.3s]
Epoch 4 [185.9s + 1460.6s]: HR = 0.6632, NDCG = 0.3961, loss = 0.1460 [51.0s] train_loss = 0.2542 [245.7s]
Epoch 5 [183.2s + 1500.2s]: HR = 0.6684, NDCG = 0.4001, loss = 0.1391 [53.3s] train_loss = 0.2498 [253.5s]
Epoch 6 [188.7s + 1470.5s]: HR = 0.6743, NDCG = 0.4066, loss = 0.1358 [51.5s] train_loss = 0.2458 [246.2s]
Epoch 7 [185.0s + 1500.1s]: HR = 0.6805, NDCG = 0.4121, loss = 0.1373 [50.1s] train_loss = 0.2431 [250.1s]
Epoch 8 [172.0s + 1455.5s]: HR = 0.6800, NDCG = 0.4127, loss = 0.1335 [52.1s] train_loss = 0.2400 [247.0s]
Epoch 9 [184.8s + 1504.8s]: HR = 0.6859, NDCG = 0.4161, loss = 0.1320 [49.1s] train_loss = 0.2382 [234.4s]
Epoch 10 [170.2s + 1468.2s]: HR = 0.6874, NDCG = 0.4166, loss = 0.1343 [52.3s] train_loss = 0.2362 [249.9s]
Epoch 11 [186.0s + 1496.1s]: HR = 0.6919, NDCG = 0.4205, loss = 0.1290 [46.7s] train_loss = 0.2352 [227.7s]
Epoch 12 [167.0s + 1498.9s]: HR = 0.6914, NDCG = 0.4211, loss = 0.1336 [53.3s] train_loss = 0.2332 [257.4s]
Epoch 13 [190.4s + 1444.2s]: HR = 0.6959, NDCG = 0.4231, loss = 0.1293 [51.6s] train_loss = 0.2323 [253.7s]
Epoch 14 [187.7s + 1500.4s]: HR = 0.7000, NDCG = 0.4244, loss = 0.1255 [52.6s] train_loss = 0.2312 [254.9s]
Epoch 15 [186.7s + 1476.6s]: HR = 0.7003, NDCG = 0.4256, loss = 0.1331 [51.7s] train_loss = 0.2297 [252.6s]
Epoch 16 [187.8s + 1522.0s]: HR = 0.6980, NDCG = 0.4247, loss = 0.1300 [48.0s] train_loss = 0.2284 [245.7s]
Epoch 17 [166.7s + 1473.2s]: HR = 0.7028, NDCG = 0.4281, loss = 0.1317 [53.0s] train_loss = 0.2276 [255.1s]
Epoch 18 [199.1s + 1490.4s]: HR = 0.7058, NDCG = 0.4302, loss = 0.1303 [51.1s] train_loss = 0.2263 [236.2s]
Epoch 19 [186.8s + 1507.3s]: HR = 0.7073, NDCG = 0.4312, loss = 0.1285 [51.0s] train_loss = 0.2254 [261.4s]
Epoch 20 [205.2s + 1454.0s]: HR = 0.7094, NDCG = 0.4330, loss = 0.1282 [63.0s] train_loss = 0.2248 [258.4s]
Epoch 21 [195.1s + 1490.8s]: HR = 0.7056, NDCG = 0.4308, loss = 0.1289 [47.7s] train_loss = 0.2241 [240.3s]
Epoch 22 [175.1s + 1471.0s]: HR = 0.7073, NDCG = 0.4315, loss = 0.1298 [51.5s] train_loss = 0.2231 [256.3s]
Epoch 23 [204.8s + 1482.8s]: HR = 0.7088, NDCG = 0.4330, loss = 0.1285 [49.5s] train_loss = 0.2225 [239.5s]
Epoch 24 [194.3s + 1505.4s]: HR = 0.7091, NDCG = 0.4334, loss = 0.1296 [54.6s] train_loss = 0.2216 [273.2s]
Epoch 25 [200.2s + 1519.1s]: HR = 0.7099, NDCG = 0.4343, loss = 0.1299 [53.2s] train_loss = 0.2213 [267.0s]
Epoch 26 [199.9s + 1565.1s]: HR = 0.7073, NDCG = 0.4327, loss = 0.1291 [48.3s] train_loss = 0.2201 [255.0s]
Epoch 27 [201.7s + 1480.3s]: HR = 0.7123, NDCG = 0.4348, loss = 0.1260 [53.8s] train_loss = 0.2205 [267.2s]
Epoch 28 [249.4s + 1530.4s]: HR = 0.7116, NDCG = 0.4361, loss = 0.1268 [61.3s] train_loss = 0.2192 [251.4s]
Epoch 29 [211.0s + 1464.5s]: HR = 0.7089, NDCG = 0.4323, loss = 0.1240 [49.4s] train_loss = 0.2191 [248.7s]
Epoch 30 [195.5s + 1422.2s]: HR = 0.7104, NDCG = 0.4363, loss = 0.1287 [44.0s] train_loss = 0.2178 [222.7s]
Epoch 31 [155.3s + 1391.3s]: HR = 0.7073, NDCG = 0.4354, loss = 0.1256 [50.5s] train_loss = 0.2177 [249.6s]
Epoch 32 [187.3s + 1419.8s]: HR = 0.7121, NDCG = 0.4370, loss = 0.1290 [43.1s] train_loss = 0.2167 [219.2s]
Epoch 33 [166.6s + 1422.1s]: HR = 0.7121, NDCG = 0.4374, loss = 0.1296 [50.2s] train_loss = 0.2166 [247.1s]
Epoch 34 [188.7s + 1397.7s]: HR = 0.7101, NDCG = 0.4358, loss = 0.1262 [49.5s] train_loss = 0.2155 [243.1s]
Epoch 35 [179.8s + 1416.2s]: HR = 0.7098, NDCG = 0.4348, loss = 0.1275 [50.3s] train_loss = 0.2156 [245.7s]
Epoch 36 [185.9s + 1376.6s]: HR = 0.7108, NDCG = 0.4349, loss = 0.1275 [51.0s] train_loss = 0.2155 [245.2s]
Epoch 37 [180.4s + 1433.4s]: HR = 0.7123, NDCG = 0.4363, loss = 0.1236 [51.8s] train_loss = 0.2143 [248.3s]
Epoch 38 [187.3s + 1391.1s]: HR = 0.7111, NDCG = 0.4354, loss = 0.1253 [51.4s] train_loss = 0.2144 [245.2s]
Epoch 39 [186.8s + 1459.1s]: HR = 0.7151, NDCG = 0.4387, loss = 0.1256 [49.9s] train_loss = 0.2140 [249.0s]
Epoch 40 [179.8s + 1375.1s]: HR = 0.7129, NDCG = 0.4380, loss = 0.1253 [49.7s] train_loss = 0.2132 [246.4s]
Epoch 41 [180.0s + 1464.7s]: HR = 0.7109, NDCG = 0.4360, loss = 0.1251 [45.5s] train_loss = 0.2131 [244.1s]
Epoch 42 [162.8s + 1405.8s]: HR = 0.7116, NDCG = 0.4368, loss = 0.1259 [50.9s] train_loss = 0.2121 [248.7s]
Epoch 43 [182.4s + 1428.0s]: HR = 0.7091, NDCG = 0.4366, loss = 0.1246 [44.1s] train_loss = 0.2122 [225.1s]
Epoch 44 [159.4s + 1418.1s]: HR = 0.7084, NDCG = 0.4367, loss = 0.1246 [50.9s] train_loss = 0.2114 [249.5s]
Epoch 45 [187.9s + 1444.5s]: HR = 0.7103, NDCG = 0.4371, loss = 0.1257 [44.3s] train_loss = 0.2117 [239.0s]
Epoch 46 [193.8s + 1443.2s]: HR = 0.7121, NDCG = 0.4377, loss = 0.1254 [60.2s] train_loss = 0.2110 [262.8s]
Epoch 47 [199.3s + 1425.7s]: HR = 0.7106, NDCG = 0.4382, loss = 0.1227 [44.7s] train_loss = 0.2105 [230.0s]
Epoch 48 [162.5s + 1361.4s]: HR = 0.7078, NDCG = 0.4367, loss = 0.1245 [44.1s] train_loss = 0.2107 [229.5s]
Epoch 49 [159.2s + 1364.3s]: HR = 0.7089, NDCG = 0.4378, loss = 0.1266 [43.6s] train_loss = 0.2103 [228.6s]
End. best HR = 0.7151, best NDCG = 0.4387
