Namespace(activation=0, algorithm=0, alpha=0, batch_choice='user', batch_norm=1, beta=0.8, dataset='ml-1m', embed_size=16, epochs=50, layers='[16]', learner='adagrad', lr=0.01, num_neg=4, path='Data/', pretrain=0, reg_W='[15,15,15,15]', regs='[1e-6,1e-6,1e-6]', train_loss=1, verbose=1, weight_size=16)
already load the trainMatrix...
already load the ratingMatrix...
already load the trainList...
already load the trainMatrix...
already load the ratingMatrix...
already load the trainList...
initialized
already load the evaluate model...
Epoch 0 [176.2s + 1155.2s]: HR = 0.5373, NDCG = 0.3079, loss = 0.2499 [47.2s] train_loss = 0.3107 [221.2s]
Epoch 1 [177.5s + 1086.8s]: HR = 0.5978, NDCG = 0.3465, loss = 0.2551 [36.8s] train_loss = 0.2880 [208.1s]
Epoch 2 [154.4s + 1109.4s]: HR = 0.6245, NDCG = 0.3689, loss = 0.2383 [36.5s] train_loss = 0.2760 [200.7s]
Epoch 3 [196.1s + 1067.9s]: HR = 0.6320, NDCG = 0.3767, loss = 0.2015 [36.6s] train_loss = 0.2674 [204.8s]
Epoch 4 [153.4s + 1081.6s]: HR = 0.6432, NDCG = 0.3834, loss = 0.2070 [39.9s] train_loss = 0.2608 [199.6s]
Epoch 5 [152.4s + 1074.4s]: HR = 0.6498, NDCG = 0.3882, loss = 0.2127 [39.8s] train_loss = 0.2565 [197.4s]
Epoch 6 [153.9s + 1094.8s]: HR = 0.6526, NDCG = 0.3913, loss = 0.1964 [37.4s] train_loss = 0.2531 [195.1s]
Epoch 7 [151.8s + 1089.5s]: HR = 0.6604, NDCG = 0.3961, loss = 0.2048 [39.9s] train_loss = 0.2500 [227.5s]
Epoch 8 [178.0s + 1222.9s]: HR = 0.6634, NDCG = 0.3985, loss = 0.1956 [45.0s] train_loss = 0.2475 [239.5s]
Epoch 9 [178.3s + 1232.1s]: HR = 0.6677, NDCG = 0.4031, loss = 0.2057 [46.4s] train_loss = 0.2456 [234.0s]
Epoch 10 [175.5s + 1211.3s]: HR = 0.6662, NDCG = 0.4024, loss = 0.1881 [41.9s] train_loss = 0.2431 [221.2s]
Epoch 11 [174.7s + 1184.2s]: HR = 0.6722, NDCG = 0.4071, loss = 0.1961 [43.6s] train_loss = 0.2412 [229.8s]
Epoch 12 [181.2s + 1154.2s]: HR = 0.6743, NDCG = 0.4087, loss = 0.1913 [42.6s] train_loss = 0.2398 [221.1s]
Epoch 13 [174.1s + 1189.8s]: HR = 0.6758, NDCG = 0.4102, loss = 0.1921 [44.2s] train_loss = 0.2382 [220.9s]
Epoch 14 [180.1s + 1195.9s]: HR = 0.6740, NDCG = 0.4099, loss = 0.1741 [45.2s] train_loss = 0.2373 [229.1s]
Epoch 15 [177.5s + 1237.0s]: HR = 0.6831, NDCG = 0.4157, loss = 0.1955 [44.1s] train_loss = 0.2355 [226.0s]
Epoch 16 [180.6s + 1182.2s]: HR = 0.6806, NDCG = 0.4133, loss = 0.1812 [43.4s] train_loss = 0.2342 [225.5s]
Epoch 17 [175.0s + 1177.0s]: HR = 0.6879, NDCG = 0.4198, loss = 0.1887 [44.0s] train_loss = 0.2330 [223.1s]
Epoch 18 [185.8s + 1178.5s]: HR = 0.6841, NDCG = 0.4167, loss = 0.1887 [42.6s] train_loss = 0.2320 [231.7s]
Epoch 19 [177.1s + 1196.6s]: HR = 0.6813, NDCG = 0.4144, loss = 0.1787 [44.4s] train_loss = 0.2307 [221.8s]
Epoch 20 [179.5s + 1191.3s]: HR = 0.6879, NDCG = 0.4199, loss = 0.1911 [44.1s] train_loss = 0.2296 [227.9s]
Epoch 21 [179.2s + 1196.5s]: HR = 0.6894, NDCG = 0.4211, loss = 0.1854 [44.6s] train_loss = 0.2289 [227.0s]
Epoch 22 [180.6s + 1186.9s]: HR = 0.6919, NDCG = 0.4201, loss = 0.1799 [44.4s] train_loss = 0.2281 [220.0s]
Epoch 23 [177.1s + 1207.4s]: HR = 0.6939, NDCG = 0.4213, loss = 0.1881 [44.4s] train_loss = 0.2274 [225.9s]
Epoch 24 [181.6s + 1193.0s]: HR = 0.6849, NDCG = 0.4180, loss = 0.1807 [43.5s] train_loss = 0.2260 [222.7s]
Epoch 25 [178.2s + 1183.2s]: HR = 0.6949, NDCG = 0.4226, loss = 0.1874 [43.0s] train_loss = 0.2253 [222.8s]
Epoch 26 [181.5s + 1169.6s]: HR = 0.6932, NDCG = 0.4229, loss = 0.1808 [42.8s] train_loss = 0.2252 [221.8s]
Epoch 27 [176.8s + 1182.9s]: HR = 0.6901, NDCG = 0.4204, loss = 0.1778 [41.6s] train_loss = 0.2242 [224.0s]
Epoch 28 [178.5s + 1195.9s]: HR = 0.6970, NDCG = 0.4239, loss = 0.1810 [42.7s] train_loss = 0.2235 [227.5s]
Epoch 29 [180.0s + 1187.2s]: HR = 0.6911, NDCG = 0.4211, loss = 0.1796 [44.5s] train_loss = 0.2225 [226.7s]
Epoch 30 [180.0s + 1195.2s]: HR = 0.6927, NDCG = 0.4214, loss = 0.1834 [45.0s] train_loss = 0.2226 [226.2s]
Epoch 31 [179.3s + 1186.5s]: HR = 0.7000, NDCG = 0.4250, loss = 0.1849 [44.2s] train_loss = 0.2220 [225.4s]
Epoch 32 [181.8s + 1167.7s]: HR = 0.6927, NDCG = 0.4207, loss = 0.1752 [43.0s] train_loss = 0.2210 [225.8s]
Epoch 33 [179.7s + 1187.8s]: HR = 0.6978, NDCG = 0.4235, loss = 0.1826 [43.9s] train_loss = 0.2205 [224.5s]
Epoch 34 [181.8s + 1172.9s]: HR = 0.6858, NDCG = 0.4180, loss = 0.1595 [43.8s] train_loss = 0.2216 [228.8s]
Epoch 35 [178.9s + 1180.5s]: HR = 0.7015, NDCG = 0.4271, loss = 0.1818 [43.3s] train_loss = 0.2202 [222.4s]
Epoch 36 [181.2s + 1186.7s]: HR = 0.6959, NDCG = 0.4228, loss = 0.1710 [44.1s] train_loss = 0.2193 [224.2s]
Epoch 37 [176.6s + 1177.6s]: HR = 0.6954, NDCG = 0.4235, loss = 0.1777 [44.2s] train_loss = 0.2183 [224.1s]
Epoch 38 [179.7s + 1187.7s]: HR = 0.6924, NDCG = 0.4209, loss = 0.1668 [45.5s] train_loss = 0.2184 [230.9s]
Epoch 39 [179.8s + 1196.6s]: HR = 0.6901, NDCG = 0.4197, loss = 0.1599 [44.9s] train_loss = 0.2181 [227.0s]
Epoch 40 [183.2s + 1193.0s]: HR = 0.6957, NDCG = 0.4203, loss = 0.1716 [42.9s] train_loss = 0.2171 [225.0s]
Epoch 41 [179.0s + 1203.3s]: HR = 0.6965, NDCG = 0.4236, loss = 0.1806 [45.1s] train_loss = 0.2168 [228.1s]
Epoch 42 [181.2s + 1211.3s]: HR = 0.7002, NDCG = 0.4265, loss = 0.1801 [42.6s] train_loss = 0.2165 [225.2s]
Epoch 43 [179.2s + 1183.6s]: HR = 0.6937, NDCG = 0.4221, loss = 0.1618 [44.9s] train_loss = 0.2160 [230.7s]
Epoch 44 [184.9s + 1214.6s]: HR = 0.6959, NDCG = 0.4237, loss = 0.1664 [45.5s] train_loss = 0.2157 [228.9s]
Epoch 45 [179.9s + 1209.5s]: HR = 0.6919, NDCG = 0.4215, loss = 0.1689 [43.6s] train_loss = 0.2144 [225.3s]
Epoch 46 [182.7s + 1217.9s]: HR = 0.7010, NDCG = 0.4249, loss = 0.1695 [45.9s] train_loss = 0.2144 [230.0s]
Epoch 47 [179.4s + 1215.7s]: HR = 0.6863, NDCG = 0.4162, loss = 0.1619 [45.2s] train_loss = 0.2147 [226.5s]
Epoch 48 [181.7s + 1196.1s]: HR = 0.6950, NDCG = 0.4231, loss = 0.1664 [43.9s] train_loss = 0.2140 [226.7s]
Epoch 49 [180.8s + 1212.9s]: HR = 0.6967, NDCG = 0.4228, loss = 0.1669 [43.1s] train_loss = 0.2134 [227.0s]
End. best HR = 0.7015, best NDCG = 0.4271
