Namespace(activation=0, algorithm=0, alpha=0, batch_choice='user', batch_norm=1, beta=0.8, dataset='ml-1m', embed_size=32, epochs=50, layers='[64,32,16]', learner='adagrad', lr=0.01, num_neg=4, path='Data/', pretrain=0, reg_W='[15,15,15,15]', regs='[1e-6,1e-6,1e-6]', train_loss=1, verbose=1, weight_size=16)
already load the trainMatrix...
already load the ratingMatrix...
already load the trainList...
already load the trainMatrix...
already load the ratingMatrix...
already load the trainList...
initialized
already load the evaluate model...
Epoch 0 [171.8s + 1982.9s]: HR = 0.6123, NDCG = 0.3609, loss = 0.1604 [62.8s] train_loss = 0.2837 [333.0s]
Epoch 1 [174.5s + 1985.4s]: HR = 0.6525, NDCG = 0.3865, loss = 0.1455 [60.8s] train_loss = 0.2619 [319.6s]
Epoch 2 [180.0s + 1984.9s]: HR = 0.6687, NDCG = 0.4002, loss = 0.1483 [60.4s] train_loss = 0.2516 [329.9s]
Epoch 3 [175.1s + 1973.7s]: HR = 0.6788, NDCG = 0.4103, loss = 0.1381 [60.2s] train_loss = 0.2447 [328.9s]
Epoch 4 [175.6s + 1985.6s]: HR = 0.6843, NDCG = 0.4163, loss = 0.1404 [60.2s] train_loss = 0.2390 [330.7s]
Epoch 5 [170.7s + 1934.0s]: HR = 0.6907, NDCG = 0.4208, loss = 0.1316 [41.6s] train_loss = 0.2340 [264.6s]
Epoch 6 [135.5s + 1741.2s]: HR = 0.6955, NDCG = 0.4232, loss = 0.1261 [52.1s] train_loss = 0.2312 [305.6s]
Epoch 7 [164.3s + 1842.4s]: HR = 0.7020, NDCG = 0.4304, loss = 0.1317 [53.1s] train_loss = 0.2275 [309.2s]
Epoch 8 [166.8s + 1922.9s]: HR = 0.7060, NDCG = 0.4317, loss = 0.1299 [51.7s] train_loss = 0.2252 [310.5s]
Epoch 9 [164.3s + 1828.4s]: HR = 0.7068, NDCG = 0.4332, loss = 0.1275 [51.4s] train_loss = 0.2228 [307.3s]
Epoch 10 [166.1s + 1829.6s]: HR = 0.7119, NDCG = 0.4384, loss = 0.1335 [55.9s] train_loss = 0.2213 [312.7s]
Epoch 11 [163.9s + 1868.1s]: HR = 0.7127, NDCG = 0.4391, loss = 0.1246 [55.9s] train_loss = 0.2189 [315.4s]
Epoch 12 [173.9s + 1858.9s]: HR = 0.7118, NDCG = 0.4385, loss = 0.1260 [55.1s] train_loss = 0.2173 [316.2s]
Epoch 13 [172.2s + 1925.9s]: HR = 0.7131, NDCG = 0.4382, loss = 0.1286 [57.9s] train_loss = 0.2161 [318.8s]
Epoch 14 [177.0s + 1867.3s]: HR = 0.7137, NDCG = 0.4416, loss = 0.1238 [57.2s] train_loss = 0.2144 [317.3s]
Epoch 15 [174.4s + 1878.1s]: HR = 0.7144, NDCG = 0.4410, loss = 0.1217 [57.2s] train_loss = 0.2135 [317.1s]
Epoch 16 [176.6s + 1867.8s]: HR = 0.7141, NDCG = 0.4405, loss = 0.1267 [56.3s] train_loss = 0.2119 [312.1s]
Epoch 17 [174.4s + 1845.4s]: HR = 0.7129, NDCG = 0.4439, loss = 0.1299 [57.1s] train_loss = 0.2109 [274.8s]
Epoch 18 [177.1s + 2002.9s]: HR = 0.7154, NDCG = 0.4427, loss = 0.1260 [53.6s] train_loss = 0.2096 [383.6s]
Epoch 19 [173.1s + 1766.3s]: HR = 0.7152, NDCG = 0.4426, loss = 0.1237 [48.2s] train_loss = 0.2085 [290.2s]
Epoch 20 [153.6s + 1800.7s]: HR = 0.7142, NDCG = 0.4450, loss = 0.1219 [56.6s] train_loss = 0.2079 [296.5s]
Epoch 21 [172.6s + 1753.3s]: HR = 0.7147, NDCG = 0.4429, loss = 0.1252 [50.6s] train_loss = 0.2066 [288.6s]
Epoch 22 [152.2s + 1754.9s]: HR = 0.7147, NDCG = 0.4440, loss = 0.1200 [47.4s] train_loss = 0.2053 [282.8s]
Epoch 23 [150.3s + 1756.4s]: HR = 0.7167, NDCG = 0.4442, loss = 0.1235 [47.8s] train_loss = 0.2047 [290.2s]
Epoch 24 [151.1s + 1764.3s]: HR = 0.7144, NDCG = 0.4426, loss = 0.1222 [50.7s] train_loss = 0.2038 [290.9s]
Epoch 25 [153.7s + 1772.0s]: HR = 0.7141, NDCG = 0.4438, loss = 0.1216 [47.6s] train_loss = 0.2026 [296.3s]
Epoch 26 [158.5s + 1776.6s]: HR = 0.7146, NDCG = 0.4438, loss = 0.1250 [49.4s] train_loss = 0.2022 [289.0s]
Epoch 27 [150.9s + 1769.7s]: HR = 0.7172, NDCG = 0.4448, loss = 0.1220 [50.1s] train_loss = 0.2013 [294.4s]
Epoch 28 [154.1s + 1715.6s]: HR = 0.7169, NDCG = 0.4434, loss = 0.1194 [42.2s] train_loss = 0.2008 [269.4s]
Epoch 29 [136.7s + 1663.4s]: HR = 0.7154, NDCG = 0.4448, loss = 0.1217 [42.2s] train_loss = 0.1994 [268.5s]
Epoch 30 [137.8s + 1661.0s]: HR = 0.7161, NDCG = 0.4443, loss = 0.1230 [42.3s] train_loss = 0.1991 [267.2s]
Epoch 31 [136.8s + 1659.6s]: HR = 0.7189, NDCG = 0.4451, loss = 0.1243 [42.4s] train_loss = 0.1982 [268.4s]
Epoch 32 [137.6s + 1658.9s]: HR = 0.7192, NDCG = 0.4444, loss = 0.1233 [42.0s] train_loss = 0.1978 [266.8s]
Epoch 33 [136.7s + 1790.1s]: HR = 0.7171, NDCG = 0.4424, loss = 0.1231 [78.5s] train_loss = 0.1974 [491.4s]
Epoch 34 [224.7s + 2962.1s]: HR = 0.7172, NDCG = 0.4433, loss = 0.1215 [77.7s] train_loss = 0.1967 [394.8s]
Epoch 35 [207.1s + 2403.0s]: HR = 0.7185, NDCG = 0.4446, loss = 0.1227 [42.7s] train_loss = 0.1955 [269.7s]
Epoch 36 [137.3s + 1934.0s]: HR = 0.7141, NDCG = 0.4432, loss = 0.1216 [42.3s] train_loss = 0.1950 [269.0s]
Epoch 37 [136.4s + 1921.8s]: HR = 0.7152, NDCG = 0.4423, loss = 0.1209 [42.8s] train_loss = 0.1946 [269.6s]
Epoch 38 [138.0s + 1922.2s]: HR = 0.7182, NDCG = 0.4419, loss = 0.1187 [42.5s] train_loss = 0.1941 [269.2s]
Epoch 39 [136.7s + 2204.6s]: HR = 0.7199, NDCG = 0.4450, loss = 0.1205 [60.6s] train_loss = 0.1930 [332.4s]
Epoch 40 [181.4s + 2335.6s]: HR = 0.7139, NDCG = 0.4427, loss = 0.1208 [60.5s] train_loss = 0.1932 [321.3s]
Epoch 41 [177.5s + 2373.6s]: HR = 0.7144, NDCG = 0.4420, loss = 0.1192 [61.9s] train_loss = 0.1923 [343.4s]
Epoch 42 [187.5s + 2330.1s]: HR = 0.7136, NDCG = 0.4405, loss = 0.1188 [46.3s] train_loss = 0.1926 [275.5s]
Epoch 43 [157.5s + 2459.1s]: HR = 0.7152, NDCG = 0.4422, loss = 0.1212 [61.8s] train_loss = 0.1918 [343.2s]
Epoch 44 [186.4s + 2432.8s]: HR = 0.7154, NDCG = 0.4417, loss = 0.1181 [63.8s] train_loss = 0.1909 [346.8s]
Epoch 45 [183.7s + 2418.3s]: HR = 0.7157, NDCG = 0.4415, loss = 0.1183 [62.6s] train_loss = 0.1903 [351.4s]
Epoch 46 [183.5s + 2409.8s]: HR = 0.7116, NDCG = 0.4393, loss = 0.1193 [62.4s] train_loss = 0.1903 [344.9s]
Epoch 47 [185.6s + 2426.4s]: HR = 0.7118, NDCG = 0.4410, loss = 0.1183 [61.7s] train_loss = 0.1905 [332.0s]
Epoch 48 [187.2s + 2307.2s]: HR = 0.7129, NDCG = 0.4408, loss = 0.1195 [54.4s] train_loss = 0.1896 [314.6s]
Epoch 49 [168.0s + 2195.2s]: HR = 0.7119, NDCG = 0.4392, loss = 0.1174 [55.1s] train_loss = 0.1890 [311.5s]
End. best HR = 0.7199, best NDCG = 0.4450
