Namespace(activation=0, algorithm=0, alpha=0, batch_choice='user', batch_norm=1, beta=0.8, dataset='ml-1m', embed_size=16, epochs=50, layers='[64,32,16]', learner='adagrad', lr=0.01, num_neg=10, path='Data/', pretrain=0, reg_W='[15,15,15,15]', regs='[1e-6,1e-6,1e-6]', train_loss=1, verbose=1, weight_size=16)
already load the trainMatrix...
already load the ratingMatrix...
already load the trainList...
already load the trainMatrix...
already load the ratingMatrix...
already load the trainList...
initialized
already load the evaluate model...
Epoch 0 [367.3s + 2404.3s]: HR = 0.5899, NDCG = 0.3436, loss = 0.0934 [54.4s] train_loss = 0.1904 [509.4s]
Epoch 1 [376.8s + 2334.8s]: HR = 0.6281, NDCG = 0.3707, loss = 0.0829 [44.8s] train_loss = 0.1777 [476.9s]
Epoch 2 [400.7s + 2300.7s]: HR = 0.6358, NDCG = 0.3773, loss = 0.0866 [38.2s] train_loss = 0.1731 [447.4s]
Epoch 3 [379.1s + 2253.0s]: HR = 0.6462, NDCG = 0.3862, loss = 0.0818 [38.8s] train_loss = 0.1697 [446.5s]
Epoch 4 [380.9s + 2254.7s]: HR = 0.6576, NDCG = 0.3954, loss = 0.0825 [38.4s] train_loss = 0.1669 [444.4s]
Epoch 5 [378.5s + 2286.1s]: HR = 0.6611, NDCG = 0.4009, loss = 0.0797 [39.7s] train_loss = 0.1644 [455.7s]
Epoch 6 [390.2s + 2281.8s]: HR = 0.6675, NDCG = 0.4059, loss = 0.0810 [47.6s] train_loss = 0.1623 [455.2s]
Epoch 7 [396.6s + 2288.9s]: HR = 0.6745, NDCG = 0.4106, loss = 0.0792 [39.8s] train_loss = 0.1604 [455.5s]
Epoch 8 [395.2s + 2283.0s]: HR = 0.6763, NDCG = 0.4125, loss = 0.0792 [39.6s] train_loss = 0.1588 [453.4s]
Epoch 9 [389.5s + 2288.5s]: HR = 0.6780, NDCG = 0.4156, loss = 0.0791 [39.7s] train_loss = 0.1575 [456.1s]
Epoch 10 [389.7s + 2285.2s]: HR = 0.6823, NDCG = 0.4172, loss = 0.0786 [39.6s] train_loss = 0.1565 [454.5s]
Epoch 11 [389.0s + 2288.0s]: HR = 0.6868, NDCG = 0.4203, loss = 0.0778 [42.0s] train_loss = 0.1556 [464.1s]
Epoch 12 [393.9s + 2305.7s]: HR = 0.6868, NDCG = 0.4211, loss = 0.0778 [41.1s] train_loss = 0.1545 [465.4s]
Epoch 13 [390.8s + 2292.2s]: HR = 0.6917, NDCG = 0.4244, loss = 0.0760 [40.3s] train_loss = 0.1538 [457.8s]
Epoch 14 [390.7s + 2286.9s]: HR = 0.6942, NDCG = 0.4247, loss = 0.0760 [39.7s] train_loss = 0.1531 [455.6s]
Epoch 15 [388.9s + 2295.2s]: HR = 0.6977, NDCG = 0.4292, loss = 0.0782 [39.7s] train_loss = 0.1527 [456.2s]
Epoch 16 [389.7s + 2289.0s]: HR = 0.6998, NDCG = 0.4303, loss = 0.0773 [42.3s] train_loss = 0.1519 [474.8s]
Epoch 17 [404.4s + 2339.9s]: HR = 0.6987, NDCG = 0.4293, loss = 0.0784 [40.2s] train_loss = 0.1513 [455.9s]
Epoch 18 [397.0s + 2289.6s]: HR = 0.7022, NDCG = 0.4320, loss = 0.0779 [39.9s] train_loss = 0.1510 [454.8s]
Epoch 19 [388.7s + 2288.7s]: HR = 0.7038, NDCG = 0.4330, loss = 0.0769 [39.8s] train_loss = 0.1503 [457.8s]
Epoch 20 [389.4s + 2287.0s]: HR = 0.7045, NDCG = 0.4325, loss = 0.0763 [39.9s] train_loss = 0.1498 [464.4s]
Epoch 21 [391.1s + 2301.8s]: HR = 0.7026, NDCG = 0.4336, loss = 0.0770 [40.0s] train_loss = 0.1494 [456.9s]
Epoch 22 [390.6s + 2289.5s]: HR = 0.7051, NDCG = 0.4364, loss = 0.0777 [39.7s] train_loss = 0.1491 [455.1s]
Epoch 23 [388.9s + 2291.7s]: HR = 0.7076, NDCG = 0.4378, loss = 0.0766 [39.9s] train_loss = 0.1485 [457.0s]
Epoch 24 [390.7s + 2294.6s]: HR = 0.7056, NDCG = 0.4373, loss = 0.0763 [40.4s] train_loss = 0.1483 [457.4s]
Epoch 25 [389.4s + 2300.7s]: HR = 0.7073, NDCG = 0.4351, loss = 0.0762 [40.2s] train_loss = 0.1479 [459.5s]
Epoch 26 [390.8s + 2300.4s]: HR = 0.7096, NDCG = 0.4386, loss = 0.0776 [40.1s] train_loss = 0.1476 [458.2s]
Epoch 27 [389.9s + 2304.9s]: HR = 0.7078, NDCG = 0.4364, loss = 0.0759 [40.2s] train_loss = 0.1474 [460.1s]
Epoch 28 [390.9s + 2304.0s]: HR = 0.7096, NDCG = 0.4382, loss = 0.0755 [39.8s] train_loss = 0.1470 [453.4s]
Epoch 29 [391.9s + 2340.7s]: HR = 0.7099, NDCG = 0.4373, loss = 0.0766 [41.2s] train_loss = 0.1466 [465.7s]
Epoch 30 [395.6s + 2332.3s]: HR = 0.7081, NDCG = 0.4384, loss = 0.0757 [42.8s] train_loss = 0.1463 [465.4s]
Epoch 31 [397.7s + 2344.7s]: HR = 0.7089, NDCG = 0.4373, loss = 0.0756 [43.4s] train_loss = 0.1460 [465.7s]
Epoch 32 [402.1s + 2335.2s]: HR = 0.7127, NDCG = 0.4402, loss = 0.0757 [41.7s] train_loss = 0.1457 [464.0s]
Epoch 33 [397.3s + 2315.9s]: HR = 0.7096, NDCG = 0.4388, loss = 0.0750 [40.8s] train_loss = 0.1455 [461.4s]
Epoch 34 [391.9s + 2315.9s]: HR = 0.7081, NDCG = 0.4383, loss = 0.0747 [42.4s] train_loss = 0.1453 [462.9s]
Epoch 35 [394.1s + 2336.1s]: HR = 0.7106, NDCG = 0.4397, loss = 0.0760 [43.2s] train_loss = 0.1449 [473.3s]
Epoch 36 [392.1s + 2323.1s]: HR = 0.7106, NDCG = 0.4401, loss = 0.0753 [40.5s] train_loss = 0.1445 [462.0s]
Epoch 37 [391.0s + 2324.4s]: HR = 0.7104, NDCG = 0.4391, loss = 0.0752 [40.6s] train_loss = 0.1445 [464.0s]
Epoch 38 [392.2s + 2323.7s]: HR = 0.7126, NDCG = 0.4404, loss = 0.0759 [41.0s] train_loss = 0.1443 [462.1s]
Epoch 39 [391.7s + 2342.7s]: HR = 0.7099, NDCG = 0.4391, loss = 0.0752 [41.2s] train_loss = 0.1443 [467.6s]
Epoch 40 [394.9s + 2286.9s]: HR = 0.7094, NDCG = 0.4386, loss = 0.0738 [38.0s] train_loss = 0.1439 [438.2s]
Epoch 41 [391.4s + 2499.5s]: HR = 0.7111, NDCG = 0.4396, loss = 0.0749 [54.9s] train_loss = 0.1438 [483.9s]
Epoch 42 [483.3s + 2439.1s]: HR = 0.7111, NDCG = 0.4386, loss = 0.0742 [50.2s] train_loss = 0.1436 [486.6s]
Epoch 43 [419.9s + 2454.6s]: HR = 0.7104, NDCG = 0.4384, loss = 0.0751 [50.2s] train_loss = 0.1431 [489.0s]
Epoch 44 [437.3s + 2500.0s]: HR = 0.7151, NDCG = 0.4407, loss = 0.0760 [55.2s] train_loss = 0.1430 [507.3s]
Epoch 45 [428.3s + 2497.3s]: HR = 0.7126, NDCG = 0.4392, loss = 0.0750 [51.2s] train_loss = 0.1428 [499.3s]
Epoch 46 [439.3s + 2481.0s]: HR = 0.7132, NDCG = 0.4412, loss = 0.0748 [50.8s] train_loss = 0.1427 [492.5s]
Epoch 47 [431.2s + 2493.0s]: HR = 0.7121, NDCG = 0.4414, loss = 0.0745 [50.6s] train_loss = 0.1426 [501.2s]
Epoch 48 [438.6s + 2483.4s]: HR = 0.7123, NDCG = 0.4407, loss = 0.0746 [50.6s] train_loss = 0.1423 [492.3s]
Epoch 49 [433.2s + 2496.1s]: HR = 0.7131, NDCG = 0.4414, loss = 0.0752 [51.4s] train_loss = 0.1420 [496.0s]
End. best HR = 0.7151, best NDCG = 0.4407
