Namespace(activation=0, algorithm=0, alpha=0, batch_choice='user', batch_norm=1, beta=0.8, dataset='ml-1m', embed_size=16, epochs=50, layers='[64,32,16]', learner='adagrad', lr=0.01, num_neg=2, path='Data/', pretrain=0, reg_W='[15,15,15,15]', regs='[1e-6,1e-6,1e-6]', train_loss=1, verbose=1, weight_size=16)
already load the trainMatrix...
already load the ratingMatrix...
already load the trainList...
already load the trainMatrix...
already load the ratingMatrix...
already load the trainList...
initialized
already load the evaluate model...
Epoch 0 [98.1s + 768.8s]: HR = 0.5930, NDCG = 0.3465, loss = 0.2858 [55.3s] train_loss = 0.3601 [165.7s]
Epoch 1 [103.7s + 775.3s]: HR = 0.6280, NDCG = 0.3704, loss = 0.2643 [49.1s] train_loss = 0.3365 [159.4s]
Epoch 2 [105.9s + 780.6s]: HR = 0.6384, NDCG = 0.3763, loss = 0.2498 [50.9s] train_loss = 0.3267 [155.4s]
Epoch 3 [104.3s + 798.4s]: HR = 0.6444, NDCG = 0.3800, loss = 0.2333 [62.2s] train_loss = 0.3204 [161.0s]
Epoch 4 [121.9s + 785.0s]: HR = 0.6512, NDCG = 0.3856, loss = 0.2292 [49.2s] train_loss = 0.3145 [158.6s]
Epoch 5 [103.4s + 785.6s]: HR = 0.6570, NDCG = 0.3901, loss = 0.2147 [52.7s] train_loss = 0.3096 [163.4s]
Epoch 6 [116.3s + 799.2s]: HR = 0.6632, NDCG = 0.3942, loss = 0.2108 [48.6s] train_loss = 0.3064 [159.3s]
Epoch 7 [100.9s + 783.0s]: HR = 0.6689, NDCG = 0.3989, loss = 0.2157 [51.1s] train_loss = 0.3009 [158.7s]
Epoch 8 [110.1s + 780.2s]: HR = 0.6719, NDCG = 0.4023, loss = 0.2194 [50.3s] train_loss = 0.2972 [160.5s]
Epoch 9 [103.0s + 776.0s]: HR = 0.6778, NDCG = 0.4063, loss = 0.2160 [49.4s] train_loss = 0.2945 [157.3s]
Epoch 10 [107.3s + 789.9s]: HR = 0.6785, NDCG = 0.4061, loss = 0.2056 [48.5s] train_loss = 0.2907 [154.6s]
Epoch 11 [103.9s + 786.8s]: HR = 0.6834, NDCG = 0.4110, loss = 0.2040 [51.0s] train_loss = 0.2887 [162.1s]
Epoch 12 [107.5s + 778.3s]: HR = 0.6891, NDCG = 0.4134, loss = 0.2017 [51.4s] train_loss = 0.2867 [163.4s]
Epoch 13 [105.4s + 795.6s]: HR = 0.6894, NDCG = 0.4140, loss = 0.2033 [49.4s] train_loss = 0.2852 [156.7s]
Epoch 14 [108.2s + 784.7s]: HR = 0.6944, NDCG = 0.4170, loss = 0.2064 [49.4s] train_loss = 0.2826 [160.4s]
Epoch 15 [103.2s + 786.3s]: HR = 0.6935, NDCG = 0.4188, loss = 0.1989 [49.6s] train_loss = 0.2816 [161.4s]
Epoch 16 [106.0s + 781.2s]: HR = 0.6924, NDCG = 0.4203, loss = 0.2008 [51.6s] train_loss = 0.2805 [162.3s]
Epoch 17 [105.1s + 787.7s]: HR = 0.6965, NDCG = 0.4222, loss = 0.1949 [49.3s] train_loss = 0.2786 [153.6s]
Epoch 18 [106.2s + 797.3s]: HR = 0.6977, NDCG = 0.4230, loss = 0.2012 [51.2s] train_loss = 0.2770 [162.1s]
Epoch 19 [106.4s + 774.1s]: HR = 0.6992, NDCG = 0.4237, loss = 0.2027 [50.4s] train_loss = 0.2763 [161.8s]
Epoch 20 [106.8s + 793.2s]: HR = 0.6978, NDCG = 0.4216, loss = 0.2046 [50.5s] train_loss = 0.2746 [157.7s]
Epoch 21 [106.0s + 787.5s]: HR = 0.7002, NDCG = 0.4244, loss = 0.1987 [50.8s] train_loss = 0.2735 [162.9s]
Epoch 22 [108.6s + 789.7s]: HR = 0.7002, NDCG = 0.4250, loss = 0.1988 [48.0s] train_loss = 0.2724 [154.9s]
Epoch 23 [134.0s + 795.3s]: HR = 0.6982, NDCG = 0.4254, loss = 0.1910 [52.7s] train_loss = 0.2724 [163.7s]
Epoch 24 [110.7s + 786.3s]: HR = 0.6995, NDCG = 0.4252, loss = 0.1919 [50.2s] train_loss = 0.2705 [169.2s]
Epoch 25 [110.2s + 814.0s]: HR = 0.7023, NDCG = 0.4271, loss = 0.2006 [53.3s] train_loss = 0.2700 [166.3s]
Epoch 26 [113.5s + 805.4s]: HR = 0.7030, NDCG = 0.4260, loss = 0.1950 [61.5s] train_loss = 0.2680 [175.1s]
Epoch 27 [111.1s + 788.6s]: HR = 0.7022, NDCG = 0.4271, loss = 0.1942 [50.5s] train_loss = 0.2671 [160.7s]
Epoch 28 [108.9s + 793.5s]: HR = 0.7013, NDCG = 0.4266, loss = 0.1955 [49.7s] train_loss = 0.2668 [163.4s]
Epoch 29 [114.2s + 796.9s]: HR = 0.7002, NDCG = 0.4272, loss = 0.2011 [51.3s] train_loss = 0.2657 [159.1s]
Epoch 30 [108.1s + 788.5s]: HR = 0.7003, NDCG = 0.4277, loss = 0.1949 [52.0s] train_loss = 0.2642 [161.7s]
Epoch 31 [109.0s + 779.4s]: HR = 0.7025, NDCG = 0.4287, loss = 0.1903 [51.9s] train_loss = 0.2636 [159.9s]
Epoch 32 [110.1s + 800.9s]: HR = 0.7026, NDCG = 0.4286, loss = 0.1952 [49.6s] train_loss = 0.2628 [159.5s]
Epoch 33 [107.7s + 778.2s]: HR = 0.7010, NDCG = 0.4271, loss = 0.1951 [52.1s] train_loss = 0.2624 [163.0s]
Epoch 34 [110.4s + 786.4s]: HR = 0.7005, NDCG = 0.4287, loss = 0.1914 [49.2s] train_loss = 0.2619 [159.9s]
Epoch 35 [105.2s + 800.0s]: HR = 0.6990, NDCG = 0.4277, loss = 0.1988 [46.4s] train_loss = 0.2611 [153.8s]
Epoch 36 [105.5s + 741.7s]: HR = 0.7040, NDCG = 0.4296, loss = 0.1884 [48.3s] train_loss = 0.2605 [151.2s]
Epoch 37 [103.5s + 742.5s]: HR = 0.7041, NDCG = 0.4318, loss = 0.1938 [48.3s] train_loss = 0.2598 [153.9s]
Epoch 38 [104.6s + 734.2s]: HR = 0.7020, NDCG = 0.4291, loss = 0.1912 [48.3s] train_loss = 0.2589 [153.5s]
Epoch 39 [104.3s + 745.2s]: HR = 0.7046, NDCG = 0.4298, loss = 0.1939 [46.3s] train_loss = 0.2583 [148.5s]
Epoch 40 [98.8s + 776.8s]: HR = 0.7023, NDCG = 0.4306, loss = 0.1907 [49.5s] train_loss = 0.2573 [155.9s]
Epoch 41 [103.1s + 778.0s]: HR = 0.7056, NDCG = 0.4312, loss = 0.1944 [47.5s] train_loss = 0.2572 [150.4s]
Epoch 42 [103.8s + 783.8s]: HR = 0.7023, NDCG = 0.4304, loss = 0.1917 [49.5s] train_loss = 0.2569 [152.7s]
Epoch 43 [103.4s + 780.6s]: HR = 0.7013, NDCG = 0.4281, loss = 0.1921 [48.8s] train_loss = 0.2564 [155.6s]
Epoch 44 [103.1s + 782.8s]: HR = 0.7025, NDCG = 0.4286, loss = 0.1920 [49.1s] train_loss = 0.2559 [155.9s]
Epoch 45 [103.1s + 757.4s]: HR = 0.7041, NDCG = 0.4295, loss = 0.1892 [48.7s] train_loss = 0.2548 [151.8s]
Epoch 46 [103.2s + 754.9s]: HR = 0.7041, NDCG = 0.4310, loss = 0.1886 [41.3s] train_loss = 0.2548 [145.3s]
Epoch 47 [98.7s + 752.4s]: HR = 0.7040, NDCG = 0.4294, loss = 0.1868 [48.2s] train_loss = 0.2537 [151.5s]
Epoch 48 [102.4s + 740.6s]: HR = 0.7051, NDCG = 0.4290, loss = 0.1848 [49.1s] train_loss = 0.2540 [152.0s]
Epoch 49 [104.3s + 748.4s]: HR = 0.7035, NDCG = 0.4303, loss = 0.1872 [47.8s] train_loss = 0.2534 [154.5s]
End. best HR = 0.7056, best NDCG = 0.4312
