Namespace(activation=0, algorithm=0, alpha=0, batch_choice='user', batch_norm=1, beta=0.8, dataset='ml-1m', embed_size=16, epochs=50, layers='[64,32,16]', learner='adagrad', lr=0.01, num_neg=9, path='Data/', pretrain=1, reg_W='[15,15,15,15]', regs='[1e-6,1e-6,1e-6]', train_loss=1, verbose=1, weight_size=16)
already load the trainMatrix...
already load the ratingMatrix...
already load the trainList...
already load the trainMatrix...
already load the ratingMatrix...
already load the trainList...
using pretrained variables
already load the evaluate model...
Epoch 0 [352.0s + 3353.0s]: HR = 0.6298, NDCG = 0.3751, loss = 0.0998 [55.3s] train_loss = 0.1904 [462.6s]
Epoch 1 [385.9s + 2870.6s]: HR = 0.6561, NDCG = 0.3927, loss = 0.0902 [49.3s] train_loss = 0.1803 [433.5s]
Epoch 2 [388.6s + 2812.6s]: HR = 0.6606, NDCG = 0.3977, loss = 0.0852 [48.6s] train_loss = 0.1768 [431.6s]
Epoch 3 [377.4s + 2816.3s]: HR = 0.6695, NDCG = 0.4032, loss = 0.0856 [49.0s] train_loss = 0.1745 [441.3s]
Epoch 4 [393.5s + 2814.9s]: HR = 0.6720, NDCG = 0.4079, loss = 0.0864 [49.5s] train_loss = 0.1727 [432.0s]
Epoch 5 [388.7s + 2820.7s]: HR = 0.6757, NDCG = 0.4106, loss = 0.0847 [48.1s] train_loss = 0.1713 [429.2s]
Epoch 6 [388.3s + 2824.5s]: HR = 0.6772, NDCG = 0.4130, loss = 0.0830 [43.8s] train_loss = 0.1699 [432.0s]
Epoch 7 [369.4s + 2826.6s]: HR = 0.6800, NDCG = 0.4172, loss = 0.0825 [49.5s] train_loss = 0.1687 [432.3s]
Epoch 8 [387.8s + 2827.0s]: HR = 0.6848, NDCG = 0.4183, loss = 0.0814 [51.4s] train_loss = 0.1679 [437.1s]
Epoch 9 [385.7s + 2838.6s]: HR = 0.6843, NDCG = 0.4189, loss = 0.0855 [49.0s] train_loss = 0.1666 [445.2s]
Epoch 10 [390.0s + 2726.4s]: HR = 0.6848, NDCG = 0.4203, loss = 0.0835 [47.8s] train_loss = 0.1660 [435.5s]
Epoch 11 [376.6s + 2714.1s]: HR = 0.6916, NDCG = 0.4239, loss = 0.0820 [48.6s] train_loss = 0.1653 [432.1s]
Epoch 12 [383.9s + 2718.9s]: HR = 0.6934, NDCG = 0.4255, loss = 0.0839 [47.7s] train_loss = 0.1648 [426.9s]
Epoch 13 [382.0s + 2786.4s]: HR = 0.6935, NDCG = 0.4253, loss = 0.0850 [49.4s] train_loss = 0.1639 [449.6s]
Epoch 14 [387.2s + 2780.8s]: HR = 0.6944, NDCG = 0.4278, loss = 0.0821 [49.8s] train_loss = 0.1634 [457.8s]
Epoch 15 [408.2s + 2791.9s]: HR = 0.6950, NDCG = 0.4289, loss = 0.0819 [52.8s] train_loss = 0.1629 [455.2s]
Epoch 16 [420.0s + 2800.3s]: HR = 0.6965, NDCG = 0.4304, loss = 0.0828 [50.8s] train_loss = 0.1622 [452.5s]
Epoch 17 [397.5s + 2791.7s]: HR = 0.6969, NDCG = 0.4312, loss = 0.0832 [50.8s] train_loss = 0.1621 [454.6s]
Epoch 18 [399.5s + 2778.8s]: HR = 0.6978, NDCG = 0.4314, loss = 0.0811 [48.9s] train_loss = 0.1611 [440.3s]
Epoch 19 [392.2s + 2776.3s]: HR = 0.6964, NDCG = 0.4303, loss = 0.0807 [49.4s] train_loss = 0.1614 [444.8s]
Epoch 20 [398.7s + 2771.3s]: HR = 0.6985, NDCG = 0.4326, loss = 0.0818 [48.9s] train_loss = 0.1606 [434.2s]
Epoch 21 [400.8s + 2731.4s]: HR = 0.6980, NDCG = 0.4319, loss = 0.0828 [46.6s] train_loss = 0.1601 [418.8s]
Epoch 22 [381.6s + 2599.5s]: HR = 0.6995, NDCG = 0.4319, loss = 0.0811 [44.7s] train_loss = 0.1599 [404.7s]
Epoch 23 [345.7s + 2799.9s]: HR = 0.6992, NDCG = 0.4319, loss = 0.0810 [64.1s] train_loss = 0.1594 [525.7s]
Epoch 24 [466.8s + 3185.2s]: HR = 0.7005, NDCG = 0.4317, loss = 0.0816 [59.1s] train_loss = 0.1592 [485.6s]
Epoch 25 [451.4s + 3379.6s]: HR = 0.7028, NDCG = 0.4344, loss = 0.0818 [64.2s] train_loss = 0.1588 [569.6s]
Epoch 26 [465.8s + 3615.6s]: HR = 0.7038, NDCG = 0.4338, loss = 0.0811 [66.1s] train_loss = 0.1586 [584.4s]
Epoch 27 [393.8s + 2772.1s]: HR = 0.7013, NDCG = 0.4338, loss = 0.0808 [55.7s] train_loss = 0.1582 [519.6s]
Epoch 28 [442.7s + 3201.4s]: HR = 0.7025, NDCG = 0.4341, loss = 0.0801 [57.9s] train_loss = 0.1578 [500.9s]
Epoch 29 [470.2s + 3175.1s]: HR = 0.7025, NDCG = 0.4324, loss = 0.0793 [66.3s] train_loss = 0.1578 [504.9s]
Epoch 30 [529.1s + 3326.8s]: HR = 0.7022, NDCG = 0.4342, loss = 0.0827 [56.3s] train_loss = 0.1574 [968.9s]
Epoch 31 [478.7s + 3232.6s]: HR = 0.7055, NDCG = 0.4351, loss = 0.0816 [56.5s] train_loss = 0.1573 [498.8s]
Epoch 32 [427.3s + 3208.8s]: HR = 0.7078, NDCG = 0.4365, loss = 0.0794 [50.5s] train_loss = 0.1574 [465.6s]
Epoch 33 [386.5s + 3024.0s]: HR = 0.7061, NDCG = 0.4357, loss = 0.0804 [50.7s] train_loss = 0.1568 [464.3s]
Epoch 34 [404.3s + 2995.8s]: HR = 0.7061, NDCG = 0.4368, loss = 0.0804 [51.0s] train_loss = 0.1565 [462.7s]
Epoch 35 [392.6s + 3029.8s]: HR = 0.7058, NDCG = 0.4349, loss = 0.0808 [51.4s] train_loss = 0.1562 [463.0s]
Epoch 36 [402.0s + 2997.1s]: HR = 0.7073, NDCG = 0.4361, loss = 0.0806 [50.7s] train_loss = 0.1559 [463.4s]
Epoch 37 [392.5s + 3039.2s]: HR = 0.7096, NDCG = 0.4373, loss = 0.0821 [51.8s] train_loss = 0.1559 [464.3s]
Epoch 38 [402.7s + 3028.5s]: HR = 0.7083, NDCG = 0.4383, loss = 0.0803 [52.1s] train_loss = 0.1555 [461.3s]
Epoch 39 [391.9s + 3030.9s]: HR = 0.7073, NDCG = 0.4390, loss = 0.0793 [51.5s] train_loss = 0.1556 [464.4s]
Epoch 40 [403.6s + 3018.9s]: HR = 0.7108, NDCG = 0.4392, loss = 0.0797 [51.1s] train_loss = 0.1551 [455.2s]
Epoch 41 [384.1s + 2989.8s]: HR = 0.7094, NDCG = 0.4386, loss = 0.0803 [51.9s] train_loss = 0.1549 [466.1s]
Epoch 42 [404.4s + 3026.3s]: HR = 0.7103, NDCG = 0.4372, loss = 0.0805 [50.0s] train_loss = 0.1550 [463.3s]
Epoch 43 [393.7s + 3031.8s]: HR = 0.7088, NDCG = 0.4379, loss = 0.0813 [47.4s] train_loss = 0.1546 [464.2s]
Epoch 44 [403.6s + 3030.7s]: HR = 0.7121, NDCG = 0.4395, loss = 0.0802 [51.0s] train_loss = 0.1546 [460.2s]
Epoch 45 [390.6s + 3036.4s]: HR = 0.7106, NDCG = 0.4388, loss = 0.0798 [50.9s] train_loss = 0.1543 [465.1s]
Epoch 46 [403.8s + 3033.3s]: HR = 0.7089, NDCG = 0.4376, loss = 0.0810 [51.1s] train_loss = 0.1540 [464.0s]
Epoch 47 [390.3s + 3035.8s]: HR = 0.7119, NDCG = 0.4393, loss = 0.0814 [52.1s] train_loss = 0.1539 [465.6s]
Epoch 48 [403.7s + 3042.2s]: HR = 0.7114, NDCG = 0.4377, loss = 0.0820 [52.3s] train_loss = 0.1539 [466.1s]
Epoch 49 [392.9s + 3051.0s]: HR = 0.7126, NDCG = 0.4389, loss = 0.0799 [52.8s] train_loss = 0.1536 [467.0s]
End. best HR = 0.7126, best NDCG = 0.4389
