Namespace(activation=0, algorithm=0, alpha=0, batch_choice='user', batch_norm=1, beta=0.8, dataset='ml-1m', embed_size=16, epochs=50, layers='[64,32,16]', learner='adagrad', lr=0.01, num_neg=8, path='Data/', pretrain=0, reg_W='[15,15,15,15]', regs='[1e-6,1e-6,1e-6]', train_loss=1, verbose=1, weight_size=16)
already load the trainMatrix...
already load the ratingMatrix...
already load the trainList...
already load the trainMatrix...
already load the ratingMatrix...
already load the trainList...
initialized
already load the evaluate model...
Epoch 0 [331.9s + 2036.7s]: HR = 0.5844, NDCG = 0.3405, loss = 0.1062 [52.8s] train_loss = 0.2152 [390.7s]
Epoch 1 [349.4s + 2030.9s]: HR = 0.6369, NDCG = 0.3777, loss = 0.1021 [48.8s] train_loss = 0.1979 [403.7s]
Epoch 2 [349.7s + 2025.7s]: HR = 0.6507, NDCG = 0.3866, loss = 0.0952 [48.5s] train_loss = 0.1902 [402.3s]
Epoch 3 [346.6s + 2032.6s]: HR = 0.6601, NDCG = 0.3945, loss = 0.0947 [49.0s] train_loss = 0.1860 [406.1s]
Epoch 4 [351.6s + 2029.9s]: HR = 0.6661, NDCG = 0.4002, loss = 0.0932 [48.7s] train_loss = 0.1826 [402.5s]
Epoch 5 [350.3s + 2036.8s]: HR = 0.6738, NDCG = 0.4055, loss = 0.0897 [49.5s] train_loss = 0.1804 [406.7s]
Epoch 6 [350.9s + 2034.2s]: HR = 0.6762, NDCG = 0.4094, loss = 0.0886 [48.5s] train_loss = 0.1784 [403.9s]
Epoch 7 [346.7s + 2042.3s]: HR = 0.6785, NDCG = 0.4095, loss = 0.0871 [49.0s] train_loss = 0.1769 [405.0s]
Epoch 8 [343.4s + 2050.2s]: HR = 0.6849, NDCG = 0.4173, loss = 0.0913 [45.8s] train_loss = 0.1756 [396.9s]
Epoch 9 [350.1s + 2048.5s]: HR = 0.6879, NDCG = 0.4172, loss = 0.0860 [49.9s] train_loss = 0.1743 [401.7s]
Epoch 10 [354.9s + 2040.4s]: HR = 0.6925, NDCG = 0.4197, loss = 0.0874 [49.6s] train_loss = 0.1729 [404.3s]
Epoch 11 [352.3s + 2042.4s]: HR = 0.6939, NDCG = 0.4224, loss = 0.0886 [50.2s] train_loss = 0.1721 [408.4s]
Epoch 12 [352.6s + 2037.5s]: HR = 0.6972, NDCG = 0.4242, loss = 0.0868 [49.4s] train_loss = 0.1710 [404.7s]
Epoch 13 [345.8s + 2043.7s]: HR = 0.7003, NDCG = 0.4257, loss = 0.0870 [49.8s] train_loss = 0.1702 [409.3s]
Epoch 14 [354.6s + 2041.8s]: HR = 0.7000, NDCG = 0.4262, loss = 0.0874 [49.7s] train_loss = 0.1695 [405.5s]
Epoch 15 [351.0s + 2059.9s]: HR = 0.7003, NDCG = 0.4287, loss = 0.0871 [49.0s] train_loss = 0.1683 [407.0s]
Epoch 16 [345.2s + 2051.0s]: HR = 0.7003, NDCG = 0.4281, loss = 0.0870 [46.0s] train_loss = 0.1680 [401.3s]
Epoch 17 [346.5s + 2076.2s]: HR = 0.7020, NDCG = 0.4295, loss = 0.0856 [51.9s] train_loss = 0.1672 [406.6s]
Epoch 18 [355.3s + 2101.8s]: HR = 0.7050, NDCG = 0.4319, loss = 0.0850 [51.6s] train_loss = 0.1666 [414.8s]
Epoch 19 [354.8s + 2148.6s]: HR = 0.7010, NDCG = 0.4300, loss = 0.0854 [52.2s] train_loss = 0.1663 [419.5s]
Epoch 20 [358.7s + 2147.3s]: HR = 0.7038, NDCG = 0.4320, loss = 0.0845 [51.1s] train_loss = 0.1656 [416.7s]
Epoch 21 [353.2s + 2148.5s]: HR = 0.7041, NDCG = 0.4321, loss = 0.0876 [51.9s] train_loss = 0.1649 [420.0s]
Epoch 22 [357.8s + 2148.5s]: HR = 0.7045, NDCG = 0.4326, loss = 0.0860 [51.5s] train_loss = 0.1645 [417.4s]
Epoch 23 [354.5s + 2150.0s]: HR = 0.7056, NDCG = 0.4344, loss = 0.0862 [52.0s] train_loss = 0.1642 [420.1s]
Epoch 24 [356.1s + 2149.3s]: HR = 0.7071, NDCG = 0.4367, loss = 0.0848 [51.0s] train_loss = 0.1635 [416.5s]
Epoch 25 [345.6s + 2157.6s]: HR = 0.7056, NDCG = 0.4346, loss = 0.0846 [49.0s] train_loss = 0.1633 [415.4s]
Epoch 26 [351.7s + 2156.4s]: HR = 0.7075, NDCG = 0.4358, loss = 0.0847 [52.2s] train_loss = 0.1627 [410.2s]
Epoch 27 [354.4s + 2152.9s]: HR = 0.7083, NDCG = 0.4357, loss = 0.0879 [52.4s] train_loss = 0.1626 [419.1s]
Epoch 28 [359.7s + 2147.1s]: HR = 0.7068, NDCG = 0.4343, loss = 0.0859 [51.8s] train_loss = 0.1620 [417.7s]
Epoch 29 [354.7s + 2150.3s]: HR = 0.7084, NDCG = 0.4363, loss = 0.0848 [52.7s] train_loss = 0.1616 [420.4s]
Epoch 30 [359.4s + 2145.7s]: HR = 0.7094, NDCG = 0.4362, loss = 0.0849 [51.8s] train_loss = 0.1613 [416.1s]
Epoch 31 [353.7s + 2149.7s]: HR = 0.7066, NDCG = 0.4372, loss = 0.0856 [52.0s] train_loss = 0.1611 [420.6s]
Epoch 32 [358.8s + 2150.4s]: HR = 0.7131, NDCG = 0.4366, loss = 0.0837 [51.5s] train_loss = 0.1607 [418.0s]
Epoch 33 [349.5s + 2156.4s]: HR = 0.7103, NDCG = 0.4385, loss = 0.0846 [51.1s] train_loss = 0.1604 [419.2s]
Epoch 34 [348.7s + 2156.5s]: HR = 0.7109, NDCG = 0.4391, loss = 0.0833 [48.5s] train_loss = 0.1600 [412.2s]
Epoch 35 [349.9s + 2159.6s]: HR = 0.7123, NDCG = 0.4376, loss = 0.0841 [52.1s] train_loss = 0.1596 [414.2s]
Epoch 36 [361.2s + 2153.6s]: HR = 0.7121, NDCG = 0.4381, loss = 0.0853 [52.1s] train_loss = 0.1595 [418.0s]
Epoch 37 [353.6s + 2153.5s]: HR = 0.7124, NDCG = 0.4395, loss = 0.0849 [52.0s] train_loss = 0.1593 [420.8s]
Epoch 38 [362.0s + 2153.3s]: HR = 0.7108, NDCG = 0.4385, loss = 0.0838 [51.6s] train_loss = 0.1588 [417.2s]
Epoch 39 [354.9s + 2151.3s]: HR = 0.7103, NDCG = 0.4359, loss = 0.0848 [52.1s] train_loss = 0.1586 [419.8s]
Epoch 40 [360.2s + 2153.2s]: HR = 0.7094, NDCG = 0.4348, loss = 0.0836 [51.3s] train_loss = 0.1583 [417.2s]
Epoch 41 [354.1s + 2171.0s]: HR = 0.7079, NDCG = 0.4362, loss = 0.0832 [52.1s] train_loss = 0.1581 [411.5s]
Epoch 42 [406.1s + 2109.8s]: HR = 0.7088, NDCG = 0.4365, loss = 0.0831 [50.4s] train_loss = 0.1580 [414.7s]
Epoch 43 [360.5s + 2087.9s]: HR = 0.7094, NDCG = 0.4357, loss = 0.0847 [51.1s] train_loss = 0.1575 [412.8s]
Epoch 44 [402.0s + 2849.3s]: HR = 0.7091, NDCG = 0.4377, loss = 0.0842 [50.7s] train_loss = 0.1573 [421.0s]
Epoch 45 [360.6s + 2349.5s]: HR = 0.7114, NDCG = 0.4404, loss = 0.0843 [47.6s] train_loss = 0.1571 [400.6s]
Epoch 46 [366.5s + 2027.9s]: HR = 0.7094, NDCG = 0.4372, loss = 0.0842 [47.7s] train_loss = 0.1567 [402.5s]
Epoch 47 [349.1s + 2023.2s]: HR = 0.7099, NDCG = 0.4376, loss = 0.0873 [46.9s] train_loss = 0.1568 [402.2s]
Epoch 48 [354.3s + 2024.4s]: HR = 0.7101, NDCG = 0.4373, loss = 0.0828 [47.6s] train_loss = 0.1565 [400.6s]
Epoch 49 [352.1s + 2024.6s]: HR = 0.7104, NDCG = 0.4378, loss = 0.0836 [47.2s] train_loss = 0.1566 [402.2s]
End. best HR = 0.7131, best NDCG = 0.4366
